  Main.cpp
C:\Users\00kwo\source\repos\HOLOSCALE\CropImage\CropImage\CropImage\Grid.h(182,14): warning C4101: 'rect' :참조되지 않은 지역 변수입니다.
  MainWindows.cpp
C:\Program Files\Microsoft Visual Studio\2022\Community\VC\Tools\MSVC\14.35.32215\include\opencv2\core.hpp(1747,1): warning C4819: 현재 코드 페이지(949)에서 표시할 수 없는 문자가 파일에 들어 있습니다. 데이터가 손실되지 않게 하려면 해당 파일을 유니코드 형식으로 저장하십시오.
C:\Program Files\Microsoft Visual Studio\2022\Community\VC\Tools\MSVC\14.35.32215\include\opencv2\core.hpp(1747,1): warning C4819: 현재 코드 페이지(949)에서 표시할 수 없는 문자가 파일에 들어 있습니다. 데이터가 손실되지 않게 하려면 해당 파일을 유니코드 형식으로 저장하십시오.
C:\Program Files\Microsoft Visual Studio\2022\Community\VC\Tools\MSVC\14.35.32215\include\opencv2\core.hpp(1747,1): warning C4819: 현재 코드 페이지(949)에서 표시할 수 없는 문자가 파일에 들어 있습니다. 데이터가 손실되지 않게 하려면 해당 파일을 유니코드 형식으로 저장하십시오.
C:\Program Files\Microsoft Visual Studio\2022\Community\VC\Tools\MSVC\14.35.32215\include\opencv2\objdetect\aruco_board.hpp(1,1): warning C4819: 현재 코드 페이지(949)에서 표시할 수 없는 문자가 파일에 들어 있습니다. 데이터가 손실되지 않게 하려면 해당 파일을 유니코드 형식으로 저장하십시오.
C:\Users\00kwo\source\repos\HOLOSCALE\CropImage\CropImage\CropImage\MainWindows.cpp(107,52): warning C4267: '인수': 'size_t'에서 'int'(으)로 변환하면서 데이터가 손실될 수 있습니다.
C:\Users\00kwo\source\repos\HOLOSCALE\CropImage\CropImage\CropImage\MainWindows.cpp(108,36): warning C4267: '인수': 'size_t'에서 'int'(으)로 변환하면서 데이터가 손실될 수 있습니다.
C:\Users\00kwo\source\repos\HOLOSCALE\CropImage\CropImage\CropImage\MainWindows.cpp(151,88): warning C4312: '형식 캐스트': 'int'에서 더 큰 'HMENU'(으)로의 변환입니다.
C:\Users\00kwo\source\repos\HOLOSCALE\CropImage\CropImage\CropImage\MainWindows.cpp(153,84): warning C4312: '형식 캐스트': 'int'에서 더 큰 'HMENU'(으)로의 변환입니다.
C:\Users\00kwo\source\repos\HOLOSCALE\CropImage\CropImage\CropImage\MainWindows.cpp(155,77): warning C4312: '형식 캐스트': 'int'에서 더 큰 'HMENU'(으)로의 변환입니다.
C:\Users\00kwo\source\repos\HOLOSCALE\CropImage\CropImage\CropImage\MainWindows.cpp(157,72): warning C4312: '형식 캐스트': 'int'에서 더 큰 'HMENU'(으)로의 변환입니다.
C:\Users\00kwo\source\repos\HOLOSCALE\CropImage\CropImage\CropImage\MainWindows.cpp(159,74): warning C4312: '형식 캐스트': 'int'에서 더 큰 'HMENU'(으)로의 변환입니다.
C:\Users\00kwo\source\repos\HOLOSCALE\CropImage\CropImage\CropImage\MainWindows.cpp(189,78): warning C4244: '인수': 'float'에서 'int'(으)로 변환하면서 데이터가 손실될 수 있습니다.
C:\Users\00kwo\source\repos\HOLOSCALE\CropImage\CropImage\CropImage\MainWindows.cpp(190,71): warning C4244: '인수': 'float'에서 'int'(으)로 변환하면서 데이터가 손실될 수 있습니다.
C:\Users\00kwo\source\repos\HOLOSCALE\CropImage\CropImage\CropImage\MainWindows.cpp(193,47): warning C4244: '인수': 'float'에서 'int'(으)로 변환하면서 데이터가 손실될 수 있습니다.
C:\Users\00kwo\source\repos\HOLOSCALE\CropImage\CropImage\CropImage\MainWindows.cpp(195,47): warning C4244: '인수': 'float'에서 'int'(으)로 변환하면서 데이터가 손실될 수 있습니다.
C:\Users\00kwo\source\repos\HOLOSCALE\CropImage\CropImage\CropImage\MainWindows.cpp(197,52): warning C4244: '인수': 'float'에서 'int'(으)로 변환하면서 데이터가 손실될 수 있습니다.
C:\Users\00kwo\source\repos\HOLOSCALE\CropImage\CropImage\CropImage\MainWindows.cpp(199,124): warning C4244: '인수': 'float'에서 'int'(으)로 변환하면서 데이터가 손실될 수 있습니다.
C:\Users\00kwo\source\repos\HOLOSCALE\CropImage\CropImage\CropImage\MainWindows.cpp(201,126): warning C4244: '인수': 'float'에서 'int'(으)로 변환하면서 데이터가 손실될 수 있습니다.
C:\Users\00kwo\source\repos\HOLOSCALE\CropImage\CropImage\CropImage\MainWindows.cpp(203,125): warning C4244: '인수': 'float'에서 'int'(으)로 변환하면서 데이터가 손실될 수 있습니다.
C:\Users\00kwo\source\repos\HOLOSCALE\CropImage\CropImage\CropImage\MainWindows.cpp(205,127): warning C4244: '인수': 'float'에서 'int'(으)로 변환하면서 데이터가 손실될 수 있습니다.
C:\Users\00kwo\source\repos\HOLOSCALE\CropImage\CropImage\CropImage\MainWindows.cpp(249,78): warning C4244: '인수': 'float'에서 'int'(으)로 변환하면서 데이터가 손실될 수 있습니다.
C:\Users\00kwo\source\repos\HOLOSCALE\CropImage\CropImage\CropImage\MainWindows.cpp(250,70): warning C4244: '인수': 'float'에서 'int'(으)로 변환하면서 데이터가 손실될 수 있습니다.
C:\Users\00kwo\source\repos\HOLOSCALE\CropImage\CropImage\CropImage\MainWindows.cpp(252,47): warning C4244: '인수': 'float'에서 'int'(으)로 변환하면서 데이터가 손실될 수 있습니다.
C:\Users\00kwo\source\repos\HOLOSCALE\CropImage\CropImage\CropImage\MainWindows.cpp(254,52): warning C4244: '인수': 'float'에서 'int'(으)로 변환하면서 데이터가 손실될 수 있습니다.
C:\Users\00kwo\source\repos\HOLOSCALE\CropImage\CropImage\CropImage\MainWindows.cpp(256,47): warning C4244: '인수': 'float'에서 'int'(으)로 변환하면서 데이터가 손실될 수 있습니다.
C:\Users\00kwo\source\repos\HOLOSCALE\CropImage\CropImage\CropImage\MainWindows.cpp(258,124): warning C4244: '인수': 'float'에서 'int'(으)로 변환하면서 데이터가 손실될 수 있습니다.
C:\Users\00kwo\source\repos\HOLOSCALE\CropImage\CropImage\CropImage\MainWindows.cpp(260,126): warning C4244: '인수': 'float'에서 'int'(으)로 변환하면서 데이터가 손실될 수 있습니다.
C:\Users\00kwo\source\repos\HOLOSCALE\CropImage\CropImage\CropImage\MainWindows.cpp(262,125): warning C4244: '인수': 'float'에서 'int'(으)로 변환하면서 데이터가 손실될 수 있습니다.
C:\Users\00kwo\source\repos\HOLOSCALE\CropImage\CropImage\CropImage\MainWindows.cpp(264,127): warning C4244: '인수': 'float'에서 'int'(으)로 변환하면서 데이터가 손실될 수 있습니다.
C:\Users\00kwo\source\repos\HOLOSCALE\CropImage\CropImage\CropImage\MainWindows.cpp(320,30): warning C4244: '인수': 'WPARAM'에서 'int'(으)로 변환하면서 데이터가 손실될 수 있습니다.
C:\Users\00kwo\source\repos\HOLOSCALE\CropImage\CropImage\CropImage\MainWindows.cpp(405,27): warning C4244: '인수': 'WPARAM'에서 'int'(으)로 변환하면서 데이터가 손실될 수 있습니다.
C:\Users\00kwo\source\repos\HOLOSCALE\CropImage\CropImage\CropImage\MainWindows.cpp(408,26): warning C4244: '인수': 'WPARAM'에서 'int'(으)로 변환하면서 데이터가 손실될 수 있습니다.
C:\Users\00kwo\source\repos\HOLOSCALE\CropImage\CropImage\CropImage\MainWindows.cpp(418,26): warning C4244: '인수': 'WPARAM'에서 'int'(으)로 변환하면서 데이터가 손실될 수 있습니다.
C:\Users\00kwo\source\repos\HOLOSCALE\CropImage\CropImage\CropImage\MainWindows.cpp(425,34): warning C4244: '인수': 'WPARAM'에서 'int'(으)로 변환하면서 데이터가 손실될 수 있습니다.
C:\Users\00kwo\source\repos\HOLOSCALE\CropImage\CropImage\CropImage\MainWindows.cpp(434,60): warning C4244: '인수': 'WPARAM'에서 'int'(으)로 변환하면서 데이터가 손실될 수 있습니다.
C:\Users\00kwo\source\repos\HOLOSCALE\CropImage\CropImage\CropImage\MainWindows.cpp(434,31): warning C4244: '인수': 'WPARAM'에서 'int'(으)로 변환하면서 데이터가 손실될 수 있습니다.
  코드를 생성하고 있습니다.
  Previous IPDB and IOBJ mismatch, fall back to full compilation.
  All 604 functions were compiled because no usable IPDB/IOBJ from previous compilation was found.
  코드를 생성했습니다.
  CropImage.vcxproj -> C:\Users\00kwo\source\repos\HOLOSCALE\CropImage\CropImage\x64\Release\CropImage.exe
